<?xml version="1.0" encoding="UTF-8"?>
<testsuites>
  <testsuite name="CodeIgniter Application Test Suite" tests="4" assertions="12" failures="0" errors="0" time="0.931931">
    <testsuite name="Register_test" file="/var/www/html/codeigniter/application/tests/Register_test.php" tests="2" assertions="6" failures="0" errors="0" time="0.589183">
      <testcase name="test_register_professor" class="Register_test" file="/var/www/html/codeigniter/application/tests/Register_test.php" line="5" assertions="3" time="0.302566"/>
      <testcase name="test_register_student" class="Register_test" file="/var/www/html/codeigniter/application/tests/Register_test.php" line="29" assertions="3" time="0.286617"/>
    </testsuite>
    <testsuite name="Admin_test" file="/var/www/html/codeigniter/application/tests/controllers/Admin_test.php" tests="2" assertions="6" failures="0" errors="0" time="0.342748">
      <testcase name="test_admin_login" class="Admin_test" file="/var/www/html/codeigniter/application/tests/controllers/Admin_test.php" line="5" assertions="2" time="0.094723"/>
      <testcase name="test_add_cours" class="Admin_test" file="/var/www/html/codeigniter/application/tests/controllers/Admin_test.php" line="17" assertions="4" time="0.248025"/>
    </testsuite>
  </testsuite>
</testsuites>
